<?xml version="1.0" encoding="UTF-8"?>
<!-- Generated by org.testng.reporters.JUnitReportReporter -->
<testsuite hostname="DESKTOP-C48P2ES" name="testcases.VerifyLoginPageWithReports" tests="1" failures="0" timestamp="14 Feb 2017 11:18:50 GMT" time="17.662" errors="0">
  <testcase name="loginTest" time="17.662" classname="testcases.VerifyLoginPageWithReports"/>
</testsuite> <!-- testcases.VerifyLoginPageWithReports -->
