<?xml version="1.0" encoding="UTF-8"?>
<!-- Generated by org.testng.reporters.JUnitReportReporter -->
<testsuite hostname="DESKTOP-C48P2ES" name="testcases.VerifyHomePage" tests="1" failures="0" timestamp="14 Feb 2017 10:31:29 GMT" time="12.045" errors="0">
  <testcase name="testHomePage" time="12.045" classname="testcases.VerifyHomePage"/>
</testsuite> <!-- testcases.VerifyHomePage -->
